2025-03-26 12:59:43 Loading main app package /usr/lib/obsidian/obsidian.asar
2025-03-26 12:59:44 Checking for update using Github
2025-03-26 12:59:44 Success.
2025-03-26 12:59:44 Latest version is 1.8.9
2025-03-26 12:59:44 App is up to date.
2025-03-26 14:21:19 Loading main app package /usr/lib/obsidian/obsidian.asar
2025-03-26 14:21:19 Checking for update using Github
2025-03-28 22:57:24 Loading main app package /usr/lib/obsidian/obsidian.asar
2025-03-28 22:57:25 Checking for update using Github
2025-03-28 22:57:25 Success.
2025-03-28 22:57:25 Latest version is 1.8.9
2025-03-28 22:57:25 App is up to date.
2025-03-28 23:57:24 Checking for update using Github
2025-03-28 23:57:25 Success.
2025-03-28 23:57:25 Latest version is 1.8.9
2025-03-28 23:57:25 App is up to date.
2025-03-29 00:57:24 Checking for update using Github
2025-03-29 00:57:25 Success.
2025-03-29 00:57:25 Latest version is 1.8.9
2025-03-29 00:57:25 App is up to date.
2025-03-29 01:57:24 Checking for update using Github
2025-03-29 01:57:25 Success.
2025-03-29 01:57:25 Latest version is 1.8.9
2025-03-29 01:57:25 App is up to date.
2025-03-31 17:45:07 Loading main app package /usr/lib/obsidian/obsidian.asar
2025-03-31 17:45:07 Checking for update using Github
2025-03-31 17:45:08 Success.
2025-03-31 17:45:08 Latest version is 1.8.9
2025-03-31 17:45:08 App is up to date.
2025-03-31 18:19:56 Loading main app package /usr/lib/obsidian/obsidian.asar
2025-03-31 18:19:57 Checking for update using Github
2025-03-31 18:19:57 Success.
2025-03-31 18:19:57 Latest version is 1.8.9
2025-03-31 18:19:57 App is up to date.
