2025-03-26 21:21:52.825 [info] Started local extension host with pid 4390.
2025-03-26 21:21:55.200 [info] [perf] Render performance baseline is 115ms
2025-03-26 21:22:29.527 [error] Extension 'ms-python.debugpy CANNOT USE these API proposals 'portsAttributes, debugVisualization, contribViewsWelcome'. You MUST start in extension development mode or use the --enable-proposed-api command line flag
2025-03-26 21:22:29.527 [error] Extension 'ms-python.python CANNOT USE these API proposals 'contribEditorContentMenu, quickPickSortByLabel, testObserver, quickPickItemTooltip, terminalDataWriteEvent, terminalExecuteCommandEvent, codeActionAI, notebookReplDocument, notebookVariableProvider'. You MUST start in extension development mode or use the --enable-proposed-api command line flag
2025-03-26 21:22:29.558 [error] [ms-python.python]: editor/content is a proposed menu identifier. It requires 'package.json#enabledApiProposals: ["contribEditorContentMenu"]' and is only available when running out of dev or with the following command line switch: --enable-proposed-api ms-python.python
2025-03-26 21:23:05.583 [error] [ms-python.python]: editor/content is a proposed menu identifier. It requires 'package.json#enabledApiProposals: ["contribEditorContentMenu"]' and is only available when running out of dev or with the following command line switch: --enable-proposed-api ms-python.python
2025-03-26 21:24:22.679 [error] [ms-python.python]: editor/content is a proposed menu identifier. It requires 'package.json#enabledApiProposals: ["contribEditorContentMenu"]' and is only available when running out of dev or with the following command line switch: --enable-proposed-api ms-python.python
2025-03-26 21:24:45.118 [error] [ms-python.python]: editor/content is a proposed menu identifier. It requires 'package.json#enabledApiProposals: ["contribEditorContentMenu"]' and is only available when running out of dev or with the following command line switch: --enable-proposed-api ms-python.python
2025-03-26 21:25:43.474 [info] Started local extension host with pid 4659.
2025-03-26 21:25:43.949 [error] Extension 'ms-python.debugpy CANNOT USE these API proposals 'portsAttributes, debugVisualization, contribViewsWelcome'. You MUST start in extension development mode or use the --enable-proposed-api command line flag
2025-03-26 21:25:43.950 [error] Extension 'ms-python.python CANNOT USE these API proposals 'contribEditorContentMenu, quickPickSortByLabel, testObserver, quickPickItemTooltip, terminalDataWriteEvent, terminalExecuteCommandEvent, codeActionAI, notebookReplDocument, notebookVariableProvider'. You MUST start in extension development mode or use the --enable-proposed-api command line flag
2025-03-26 21:25:43.978 [error] [ms-python.python]: editor/content is a proposed menu identifier. It requires 'package.json#enabledApiProposals: ["contribEditorContentMenu"]' and is only available when running out of dev or with the following command line switch: --enable-proposed-api ms-python.python
2025-03-26 21:25:45.905 [error] Error while getting the latest version for the extension jdinhlife.gruvbox. Cannot read properties of undefined (reading 'replace')
2025-03-26 21:25:45.906 [error] Error while getting the latest version for the extension ktiays.aicursor. Cannot read properties of undefined (reading 'replace')
2025-03-26 21:25:45.913 [error] Error while getting the latest version for the extension kylinideteam.gitlens. Cannot read properties of undefined (reading 'replace')
2025-03-26 21:25:45.915 [error] Error while getting the latest version for the extension ms-python.debugpy. Cannot read properties of undefined (reading 'replace')
2025-03-26 21:25:45.916 [error] Error while getting the latest version for the extension ms-python.python. Cannot read properties of undefined (reading 'replace')
2025-03-26 21:25:45.920 [error] Error while getting the latest version for the extension pkief.material-icon-theme. Cannot read properties of undefined (reading 'replace')
2025-03-26 21:25:45.923 [error] Error while getting the latest version for the extension tabbyml.vscode-tabby. Cannot read properties of undefined (reading 'replace')
2025-03-26 21:25:45.927 [error] Error while getting the latest version for the extension usernamehw.errorlens. Cannot read properties of undefined (reading 'replace')
2025-03-26 21:25:46.267 [info] [perf] Render performance baseline is 43ms
2025-03-26 21:25:48.128 [error] Extension 'ms-python.debugpy CANNOT USE these API proposals 'portsAttributes, debugVisualization, contribViewsWelcome'. You MUST start in extension development mode or use the --enable-proposed-api command line flag
2025-03-26 21:25:48.185 [error] [ms-python.python]: editor/content is a proposed menu identifier. It requires 'package.json#enabledApiProposals: ["contribEditorContentMenu"]' and is only available when running out of dev or with the following command line switch: --enable-proposed-api ms-python.python
