2025-03-26 21:22:18.537 [info] Getting Manifest... ms-python.python
2025-03-26 21:22:20.493 [info] Installing extension: ms-python.python {"isMachineScoped":false,"installPreReleaseVersion":false,"pinned":false,"profileLocation":{"$mid":1,"external":"vscode-userdata:/home/diego/.vscode-oss/extensions/extensions.json","path":"/home/diego/.vscode-oss/extensions/extensions.json","scheme":"vscode-userdata"},"isApplicationScoped":false,"productVersion":{"version":"1.98.2","date":"2025-03-14T20:56:55.540Z"}}
2025-03-26 21:22:20.711 [info] Getting Manifest... ms-python.debugpy
2025-03-26 21:22:21.442 [info] Installing extension: ms-python.debugpy {"isMachineScoped":false,"installPreReleaseVersion":false,"pinned":false,"profileLocation":{"$mid":1,"external":"vscode-userdata:/home/diego/.vscode-oss/extensions/extensions.json","path":"/home/diego/.vscode-oss/extensions/extensions.json","scheme":"vscode-userdata"},"isApplicationScoped":false,"productVersion":{"version":"1.98.2","date":"2025-03-14T20:56:55.540Z"},"context":{"dependecyOrPackExtensionInstall":true}}
2025-03-26 21:22:25.773 [error] Could not load vsce-sign module Cannot find package '@vscode/vsce-sign' imported from /usr/lib/code/out/vs/code/electron-utility/sharedProcess/sharedProcessMain.js
2025-03-26 21:22:25.775 [info] Extension signature verification is not done: ms-python.python
2025-03-26 21:22:26.258 [error] Could not load vsce-sign module Cannot find package '@vscode/vsce-sign' imported from /usr/lib/code/out/vs/code/electron-utility/sharedProcess/sharedProcessMain.js
2025-03-26 21:22:26.258 [info] Extension signature verification is not done: ms-python.debugpy
2025-03-26 21:22:27.582 [info] Extracted extension to file:///home/diego/.vscode-oss/extensions/ms-python.debugpy-2025.4.1-linux-x64: ms-python.debugpy
2025-03-26 21:22:27.693 [info] Renamed to /home/diego/.vscode-oss/extensions/ms-python.debugpy-2025.4.1-linux-x64
2025-03-26 21:22:29.200 [info] Extracted extension to file:///home/diego/.vscode-oss/extensions/ms-python.python-2025.2.0-universal: ms-python.python
2025-03-26 21:22:29.450 [info] Renamed to /home/diego/.vscode-oss/extensions/ms-python.python-2025.2.0-universal
2025-03-26 21:22:29.491 [info] Extension installed successfully: ms-python.debugpy vscode-userdata:/home/diego/.vscode-oss/extensions/extensions.json
2025-03-26 21:22:29.491 [info] Extension installed successfully: ms-python.python vscode-userdata:/home/diego/.vscode-oss/extensions/extensions.json
2025-03-26 21:23:03.370 [info] Getting Manifest... ktiays.aicursor
2025-03-26 21:23:03.813 [info] Installing extension: ktiays.aicursor {"isMachineScoped":false,"installPreReleaseVersion":false,"pinned":false,"profileLocation":{"$mid":1,"external":"vscode-userdata:/home/diego/.vscode-oss/extensions/extensions.json","path":"/home/diego/.vscode-oss/extensions/extensions.json","scheme":"vscode-userdata"},"isApplicationScoped":false,"productVersion":{"version":"1.98.2","date":"2025-03-14T20:56:55.540Z"}}
2025-03-26 21:23:05.208 [error] Could not load vsce-sign module Cannot find package '@vscode/vsce-sign' imported from /usr/lib/code/out/vs/code/electron-utility/sharedProcess/sharedProcessMain.js
2025-03-26 21:23:05.210 [info] Extension signature verification is not done: ktiays.aicursor
2025-03-26 21:23:05.401 [info] Extracted extension to file:///home/diego/.vscode-oss/extensions/ktiays.aicursor-0.5.3-universal: ktiays.aicursor
2025-03-26 21:23:05.472 [info] Renamed to /home/diego/.vscode-oss/extensions/ktiays.aicursor-0.5.3-universal
2025-03-26 21:23:05.508 [info] Extension installed successfully: ktiays.aicursor vscode-userdata:/home/diego/.vscode-oss/extensions/extensions.json
2025-03-26 21:23:17.534 [info] Getting Manifest... usernamehw.errorlens
2025-03-26 21:23:18.042 [info] Installing extension: usernamehw.errorlens {"isMachineScoped":false,"installPreReleaseVersion":false,"pinned":false,"profileLocation":{"$mid":1,"external":"vscode-userdata:/home/diego/.vscode-oss/extensions/extensions.json","path":"/home/diego/.vscode-oss/extensions/extensions.json","scheme":"vscode-userdata"},"isApplicationScoped":false,"productVersion":{"version":"1.98.2","date":"2025-03-14T20:56:55.540Z"}}
2025-03-26 21:23:19.228 [error] Could not load vsce-sign module Cannot find package '@vscode/vsce-sign' imported from /usr/lib/code/out/vs/code/electron-utility/sharedProcess/sharedProcessMain.js
2025-03-26 21:23:19.230 [info] Extension signature verification is not done: usernamehw.errorlens
2025-03-26 21:23:19.319 [info] Extracted extension to file:///home/diego/.vscode-oss/extensions/usernamehw.errorlens-3.24.0-universal: usernamehw.errorlens
2025-03-26 21:23:19.394 [info] Renamed to /home/diego/.vscode-oss/extensions/usernamehw.errorlens-3.24.0-universal
2025-03-26 21:23:19.439 [info] Extension installed successfully: usernamehw.errorlens vscode-userdata:/home/diego/.vscode-oss/extensions/extensions.json
2025-03-26 21:24:19.899 [info] Getting Manifest... kylinideteam.gitlens
2025-03-26 21:24:20.418 [info] Installing extension: kylinideteam.gitlens {"isMachineScoped":false,"installPreReleaseVersion":false,"pinned":false,"profileLocation":{"$mid":1,"external":"vscode-userdata:/home/diego/.vscode-oss/extensions/extensions.json","path":"/home/diego/.vscode-oss/extensions/extensions.json","scheme":"vscode-userdata"},"isApplicationScoped":false,"productVersion":{"version":"1.98.2","date":"2025-03-14T20:56:55.540Z"}}
2025-03-26 21:24:22.015 [error] Could not load vsce-sign module Cannot find package '@vscode/vsce-sign' imported from /usr/lib/code/out/vs/code/electron-utility/sharedProcess/sharedProcessMain.js
2025-03-26 21:24:22.017 [info] Extension signature verification is not done: kylinideteam.gitlens
2025-03-26 21:24:22.446 [info] Extracted extension to file:///home/diego/.vscode-oss/extensions/kylinideteam.gitlens-0.1.10-universal: kylinideteam.gitlens
2025-03-26 21:24:22.535 [info] Renamed to /home/diego/.vscode-oss/extensions/kylinideteam.gitlens-0.1.10-universal
2025-03-26 21:24:22.595 [info] Extension installed successfully: kylinideteam.gitlens vscode-userdata:/home/diego/.vscode-oss/extensions/extensions.json
2025-03-26 21:24:42.935 [info] Getting Manifest... tabbyml.vscode-tabby
2025-03-26 21:24:43.341 [info] Installing extension: tabbyml.vscode-tabby {"isMachineScoped":false,"installPreReleaseVersion":false,"pinned":false,"profileLocation":{"$mid":1,"external":"vscode-userdata:/home/diego/.vscode-oss/extensions/extensions.json","path":"/home/diego/.vscode-oss/extensions/extensions.json","scheme":"vscode-userdata"},"isApplicationScoped":false,"productVersion":{"version":"1.98.2","date":"2025-03-14T20:56:55.540Z"}}
2025-03-26 21:24:44.740 [error] Could not load vsce-sign module Cannot find package '@vscode/vsce-sign' imported from /usr/lib/code/out/vs/code/electron-utility/sharedProcess/sharedProcessMain.js
2025-03-26 21:24:44.741 [info] Extension signature verification is not done: tabbyml.vscode-tabby
2025-03-26 21:24:44.940 [info] Extracted extension to file:///home/diego/.vscode-oss/extensions/tabbyml.vscode-tabby-1.24.0-universal: tabbyml.vscode-tabby
2025-03-26 21:24:45.009 [info] Renamed to /home/diego/.vscode-oss/extensions/tabbyml.vscode-tabby-1.24.0-universal
2025-03-26 21:24:45.069 [info] Extension installed successfully: tabbyml.vscode-tabby vscode-userdata:/home/diego/.vscode-oss/extensions/extensions.json
2025-03-26 21:24:53.360 [info] Getting Manifest... pkief.material-icon-theme
2025-03-26 21:24:53.887 [info] Installing extension: pkief.material-icon-theme {"isMachineScoped":false,"installPreReleaseVersion":false,"pinned":false,"profileLocation":{"$mid":1,"external":"vscode-userdata:/home/diego/.vscode-oss/extensions/extensions.json","path":"/home/diego/.vscode-oss/extensions/extensions.json","scheme":"vscode-userdata"},"isApplicationScoped":false,"productVersion":{"version":"1.98.2","date":"2025-03-14T20:56:55.540Z"}}
2025-03-26 21:24:55.293 [error] Could not load vsce-sign module Cannot find package '@vscode/vsce-sign' imported from /usr/lib/code/out/vs/code/electron-utility/sharedProcess/sharedProcessMain.js
2025-03-26 21:24:55.295 [info] Extension signature verification is not done: pkief.material-icon-theme
2025-03-26 21:24:56.316 [info] Extracted extension to file:///home/diego/.vscode-oss/extensions/pkief.material-icon-theme-5.20.0-universal: pkief.material-icon-theme
2025-03-26 21:24:56.420 [info] Renamed to /home/diego/.vscode-oss/extensions/pkief.material-icon-theme-5.20.0-universal
2025-03-26 21:24:56.546 [info] Extension installed successfully: pkief.material-icon-theme vscode-userdata:/home/diego/.vscode-oss/extensions/extensions.json
2025-03-26 21:25:18.645 [info] Getting Manifest... jdinhlife.gruvbox
2025-03-26 21:25:19.192 [info] Installing extension: jdinhlife.gruvbox {"isMachineScoped":false,"installPreReleaseVersion":false,"pinned":false,"profileLocation":{"$mid":1,"external":"vscode-userdata:/home/diego/.vscode-oss/extensions/extensions.json","path":"/home/diego/.vscode-oss/extensions/extensions.json","scheme":"vscode-userdata"},"isApplicationScoped":false,"productVersion":{"version":"1.98.2","date":"2025-03-14T20:56:55.540Z"}}
2025-03-26 21:25:20.371 [error] Could not load vsce-sign module Cannot find package '@vscode/vsce-sign' imported from /usr/lib/code/out/vs/code/electron-utility/sharedProcess/sharedProcessMain.js
2025-03-26 21:25:20.372 [info] Extension signature verification is not done: jdinhlife.gruvbox
2025-03-26 21:25:20.433 [info] Extracted extension to file:///home/diego/.vscode-oss/extensions/jdinhlife.gruvbox-1.24.6-universal: jdinhlife.gruvbox
2025-03-26 21:25:20.440 [info] Renamed to /home/diego/.vscode-oss/extensions/jdinhlife.gruvbox-1.24.6-universal
2025-03-26 21:25:20.490 [info] Extension installed successfully: jdinhlife.gruvbox vscode-userdata:/home/diego/.vscode-oss/extensions/extensions.json
